#
# There is insufficient memory for the Java Runtime Environment to continue.
# Native memory allocation (mmap) failed to map 90177536 bytes for Failed to commit area from 0x000000008d000000 to 0x0000000092600000 of length 90177536.
# Possible reasons:
#   The system is out of physical RAM or swap space
#   The process is running with CompressedOops enabled, and the Java Heap may be blocking the growth of the native heap
# Possible solutions:
#   Reduce memory load on the system
#   Increase physical memory or swap space
#   Check if swap backing store is full
#   Decrease Java heap size (-Xmx/-Xms)
#   Decrease number of Java threads
#   Decrease Java thread stack sizes (-Xss)
#   Set larger code cache with -XX:ReservedCodeCacheSize=
#   JVM is running with Unscaled Compressed Oops mode in which the Java heap is
#     placed in the first 4GB address space. The Java Heap base address is the
#     maximum limit for the native heap growth. Please use -XX:HeapBaseMinAddress
#     to set the Java Heap base and to place the Java Heap above 4GB virtual address.
# This output file may be truncated or incomplete.
#
#  Out of Memory Error (./src/hotspot/os/windows/os_windows.cpp:3301), pid=8644, tid=5836
#
# JRE version: OpenJDK Runtime Environment (11.0.10) (build 11.0.10+0-b96-7249189)
# Java VM: OpenJDK 64-Bit Server VM (11.0.10+0-b96-7249189, mixed mode, tiered, compressed oops, g1 gc, windows-amd64)
# No core dump will be written. Minidumps are not enabled by default on client versions of Windows
#

---------------  S U M M A R Y ------------

Command Line: --add-opens=java.base/java.util=ALL-UNNAMED --add-opens=java.base/java.lang=ALL-UNNAMED --add-opens=java.base/java.lang.invoke=ALL-UNNAMED --add-opens=java.base/java.util=ALL-UNNAMED --add-opens=java.prefs/java.util.prefs=ALL-UNNAMED --add-opens=java.prefs/java.util.prefs=ALL-UNNAMED --add-opens=java.base/java.nio.charset=ALL-UNNAMED --add-opens=java.base/java.net=ALL-UNNAMED --add-opens=java.base/java.util.concurrent.atomic=ALL-UNNAMED -Xmx2048m -Dfile.encoding=UTF-8 -Duser.country=US -Duser.language=en -Duser.variant org.gradle.launcher.daemon.bootstrap.GradleDaemon 7.0.2

Host: AMD A10-9600P RADEON R5, 10 COMPUTE CORES 4C+6G, 4 cores, 7G,  Windows 10 , 64 bit Build 19041 (10.0.19041.662)
Time: Wed Sep 22 12:11:03 2021 E. Europe Daylight Time elapsed time: 62.271514 seconds (0d 0h 1m 2s)

---------------  T H R E A D  ---------------

Current thread (0x0000022f7cd4c000):  VMThread "VM Thread" [stack: 0x000000f606900000,0x000000f606a00000] [id=5836]

Stack: [0x000000f606900000,0x000000f606a00000]
[error occurred during error reporting (printing stack bounds), id 0xc0000005, EXCEPTION_ACCESS_VIOLATION (0xc0000005) at pc=0x0000022f00000f2d]

Native frames: (J=compiled Java code, j=interpreted, Vv=VM code, C=native code)
V  [jvm.dll+0x5ecfaa]
V  [jvm.dll+0x722bd5]
V  [jvm.dll+0x72412d]
V  [jvm.dll+0x724745]
V  [jvm.dll+0x7246fb]
V  [jvm.dll+0x5ec348]
V  [jvm.dll+0x5ecad8]
C  [ntdll.dll+0xa130f]
C  [ntdll.dll+0x4b5e4]
C  [ntdll.dll+0x9fe3e]
C  0x0000022f00000f2d

VM_Operation (0x000000f60aafdad0): G1CollectForAllocation, mode: safepoint, requested by thread 0x0000022f19449000


---------------  P R O C E S S  ---------------

Threads class SMR info:
_java_thread_list=0x0000022f10422bb0, length=59, elements={
0x0000022f7218d000, 0x0000022f7cd4e800, 0x0000022f7cd59800, 0x0000022f7cd6b000,
0x0000022f7cd6c000, 0x0000022f7cd6e000, 0x0000022f7cd7d800, 0x0000022f7cd80800,
0x0000022f7cd8e000, 0x0000022f7d83d000, 0x0000022f0f771800, 0x0000022f7da0d000,
0x0000022f0f1c7000, 0x0000022f0f980800, 0x0000022f0f7b4800, 0x0000022f7edbe800,
0x0000022f7e8fd000, 0x0000022f0f192800, 0x0000022f0fe95000, 0x0000022f0fe9f800,
0x0000022f0fe9e800, 0x0000022f0fea0800, 0x0000022f0fe9e000, 0x0000022f7e434000,
0x0000022f7e435000, 0x0000022f7e436000, 0x0000022f7e437800, 0x0000022f7e436800,
0x0000022f7e432000, 0x0000022f7e433800, 0x0000022f7e43f000, 0x0000022f7e439000,
0x0000022f7e43c800, 0x0000022f7e43b800, 0x0000022f7e43a800, 0x0000022f7e43a000,
0x0000022f7e43e000, 0x0000022f7e440800, 0x0000022f108b0000, 0x0000022f108af800,
0x0000022f108b1000, 0x0000022f108b3800, 0x0000022f108b2800, 0x0000022f108ae000,
0x0000022f108b9000, 0x0000022f108b7800, 0x0000022f108b7000, 0x0000022f108b6000,
0x0000022f108b8800, 0x0000022f108ba000, 0x0000022f108b5000, 0x0000022f108bb800,
0x0000022f108bc800, 0x0000022f19446800, 0x0000022f19445800, 0x0000022f19443000,
0x0000022f19448000, 0x0000022f19449000, 0x0000022f1944a000
}

Java Threads: ( => current thread )
  0x0000022f7218d000 JavaThread "main" [_thread_blocked, id=1356, stack(0x000000f606300000,0x000000f606400000)]
  0x0000022f7cd4e800 JavaThread "Reference Handler" daemon [_thread_blocked, id=4768, stack(0x000000f606a00000,0x000000f606b00000)]
  0x0000022f7cd59800 JavaThread "Finalizer" daemon [_thread_blocked, id=5832, stack(0x000000f606b00000,0x000000f606c00000)]
  0x0000022f7cd6b000 JavaThread "Signal Dispatcher" daemon [_thread_blocked, id=8772, stack(0x000000f606c00000,0x000000f606d00000)]
  0x0000022f7cd6c000 JavaThread "Attach Listener" daemon [_thread_blocked, id=5720, stack(0x000000f606d00000,0x000000f606e00000)]
  0x0000022f7cd6e000 JavaThread "Service Thread" daemon [_thread_blocked, id=7720, stack(0x000000f606e00000,0x000000f606f00000)]
  0x0000022f7cd7d800 JavaThread "C2 CompilerThread0" daemon [_thread_blocked, id=8252, stack(0x000000f606f00000,0x000000f607000000)]
  0x0000022f7cd80800 JavaThread "C1 CompilerThread0" daemon [_thread_blocked, id=7552, stack(0x000000f607000000,0x000000f607100000)]
  0x0000022f7cd8e000 JavaThread "Sweeper thread" daemon [_thread_blocked, id=8720, stack(0x000000f607100000,0x000000f607200000)]
  0x0000022f7d83d000 JavaThread "Common-Cleaner" daemon [_thread_blocked, id=3192, stack(0x000000f607200000,0x000000f607300000)]
  0x0000022f0f771800 JavaThread "Daemon health stats" [_thread_blocked, id=6764, stack(0x000000f607600000,0x000000f607700000)]
  0x0000022f7da0d000 JavaThread "Incoming local TCP Connector on port 52694" [_thread_in_native, id=3820, stack(0x000000f607400000,0x000000f607500000)]
  0x0000022f0f1c7000 JavaThread "Daemon periodic checks" [_thread_blocked, id=6520, stack(0x000000f607700000,0x000000f607800000)]
  0x0000022f0f980800 JavaThread "Daemon" [_thread_blocked, id=8860, stack(0x000000f607800000,0x000000f607900000)]
  0x0000022f0f7b4800 JavaThread "Handler for socket connection from /127.0.0.1:52694 to /127.0.0.1:52695" [_thread_in_native, id=1660, stack(0x000000f607900000,0x000000f607a00000)]
  0x0000022f7edbe800 JavaThread "Cancel handler" [_thread_blocked, id=760, stack(0x000000f607a00000,0x000000f607b00000)]
  0x0000022f7e8fd000 JavaThread "Daemon worker" [_thread_blocked, id=3024, stack(0x000000f607b00000,0x000000f607c00000)]
  0x0000022f0f192800 JavaThread "Asynchronous log dispatcher for DefaultDaemonConnection: socket connection from /127.0.0.1:52694 to /127.0.0.1:52695" [_thread_blocked, id=2516, stack(0x000000f607c00000,0x000000f607d00000)]
  0x0000022f0fe95000 JavaThread "Stdin handler" [_thread_blocked, id=1164, stack(0x000000f607d00000,0x000000f607e00000)]
  0x0000022f0fe9f800 JavaThread "Daemon client event forwarder" [_thread_blocked, id=6888, stack(0x000000f607e00000,0x000000f607f00000)]
  0x0000022f0fe9e800 JavaThread "Cache worker for file hash cache (C:\Users\Olexei\.gradle\caches\7.0.2\fileHashes)" [_thread_blocked, id=1004, stack(0x000000f607f00000,0x000000f608000000)]
  0x0000022f0fea0800 JavaThread "File lock request listener" [_thread_in_native, id=1772, stack(0x000000f608000000,0x000000f608100000)]
  0x0000022f0fe9e000 JavaThread "Cache worker for journal cache (C:\Users\Olexei\.gradle\caches\journal-1)" [_thread_blocked, id=8684, stack(0x000000f608300000,0x000000f608400000)]
  0x0000022f7e434000 JavaThread "Cache worker for file hash cache (C:\Users\Olexei\AndroidStudioProjects\Lab1PAM\.gradle\7.0.2\fileHashes)" [_thread_blocked, id=904, stack(0x000000f608400000,0x000000f608500000)]
  0x0000022f7e435000 JavaThread "File watcher server" daemon [_thread_blocked, id=380, stack(0x000000f608500000,0x000000f608600000)]
  0x0000022f7e436000 JavaThread "File watcher consumer" daemon [_thread_blocked, id=3112, stack(0x000000f608600000,0x000000f608700000)]
  0x0000022f7e437800 JavaThread "Cache worker for checksums cache (C:\Users\Olexei\AndroidStudioProjects\Lab1PAM\.gradle\checksums)" [_thread_blocked, id=4240, stack(0x000000f608700000,0x000000f608800000)]
  0x0000022f7e436800 JavaThread "Cache worker for cache directory md-supplier (C:\Users\Olexei\.gradle\caches\7.0.2\md-supplier)" [_thread_blocked, id=3720, stack(0x000000f608800000,0x000000f608900000)]
  0x0000022f7e432000 JavaThread "Cache worker for cache directory md-rule (C:\Users\Olexei\.gradle\caches\7.0.2\md-rule)" [_thread_blocked, id=3792, stack(0x000000f608900000,0x000000f608a00000)]
  0x0000022f7e433800 JavaThread "Cache worker for execution history cache (C:\Users\Olexei\.gradle\caches\7.0.2\executionHistory)" [_thread_blocked, id=5056, stack(0x000000f608b00000,0x000000f608c00000)]
  0x0000022f7e43f000 JavaThread "jar transforms" [_thread_blocked, id=916, stack(0x000000f608c00000,0x000000f608d00000)]
  0x0000022f7e439000 JavaThread "jar transforms Thread 2" [_thread_blocked, id=3168, stack(0x000000f608a00000,0x000000f608b00000)]
  0x0000022f7e43c800 JavaThread "Cache worker for file content cache (C:\Users\Olexei\.gradle\caches\7.0.2\fileContent)" [_thread_blocked, id=9144, stack(0x000000f608e00000,0x000000f608f00000)]
  0x0000022f7e43b800 JavaThread "Cache worker for dependencies-accessors (C:\Users\Olexei\AndroidStudioProjects\Lab1PAM\.gradle\7.0.2\dependencies-accessors)" [_thread_blocked, id=7692, stack(0x000000f608f00000,0x000000f609000000)]
  0x0000022f7e43a800 JavaThread "jar transforms Thread 3" [_thread_blocked, id=8944, stack(0x000000f609000000,0x000000f609100000)]
  0x0000022f7e43a000 JavaThread "Cache worker for Build Output Cleanup Cache (C:\Users\Olexei\AndroidStudioProjects\Lab1PAM\.gradle\buildOutputCleanup)" [_thread_blocked, id=4264, stack(0x000000f609100000,0x000000f609200000)]
  0x0000022f7e43e000 JavaThread "Build operations" [_thread_blocked, id=572, stack(0x000000f609200000,0x000000f609300000)]
  0x0000022f7e440800 JavaThread "Build operations Thread 2" [_thread_blocked, id=7036, stack(0x000000f609300000,0x000000f609400000)]
  0x0000022f108b0000 JavaThread "Build operations Thread 3" [_thread_blocked, id=4184, stack(0x000000f609400000,0x000000f609500000)]
  0x0000022f108af800 JavaThread "Build operations Thread 4" [_thread_blocked, id=5892, stack(0x000000f609500000,0x000000f609600000)]
  0x0000022f108b1000 JavaThread "jar transforms Thread 4" [_thread_blocked, id=7440, stack(0x000000f608d00000,0x000000f608e00000)]
  0x0000022f108b3800 JavaThread "Memory manager" [_thread_blocked, id=4864, stack(0x000000f609700000,0x000000f609800000)]
  0x0000022f108b2800 JavaThread "build event listener" [_thread_blocked, id=9036, stack(0x000000f609a00000,0x000000f609b00000)]
  0x0000022f108ae000 JavaThread "Execution worker for ':'" [_thread_blocked, id=4244, stack(0x000000f609b00000,0x000000f609c00000)]
  0x0000022f108b9000 JavaThread "Execution worker for ':' Thread 2" [_thread_blocked, id=7576, stack(0x000000f609c00000,0x000000f609d00000)]
  0x0000022f108b7800 JavaThread "Execution worker for ':' Thread 3" [_thread_blocked, id=4260, stack(0x000000f609d00000,0x000000f609e00000)]
  0x0000022f108b7000 JavaThread "Cache worker for execution history cache (C:\Users\Olexei\AndroidStudioProjects\Lab1PAM\.gradle\7.0.2\executionHistory)" [_thread_blocked, id=9128, stack(0x000000f609e00000,0x000000f609f00000)]
  0x0000022f108b6000 JavaThread "WorkerExecutor Queue Thread 2" [_thread_blocked, id=9052, stack(0x000000f60a000000,0x000000f60a100000)]
  0x0000022f108b8800 JavaThread "WorkerExecutor Queue Thread 3" [_thread_blocked, id=2100, stack(0x000000f60a100000,0x000000f60a200000)]
  0x0000022f108ba000 JavaThread "WorkerExecutor Queue Thread 4" [_thread_blocked, id=9024, stack(0x000000f60a400000,0x000000f60a500000)]
  0x0000022f108b5000 JavaThread "pool-3-thread-1" [_thread_blocked, id=6024, stack(0x000000f60a500000,0x000000f60a600000)]
  0x0000022f108bb800 JavaThread "stderr" [_thread_in_native, id=8424, stack(0x000000f60a600000,0x000000f60a700000)]
  0x0000022f108bc800 JavaThread "stdout" [_thread_in_native, id=7792, stack(0x000000f60a700000,0x000000f60a800000)]
  0x0000022f19446800 JavaThread "WorkerExecutor Queue Thread 5" [_thread_blocked, id=4516, stack(0x000000f60a800000,0x000000f60a900000)]
  0x0000022f19445800 JavaThread "C2 CompilerThread1" daemon [_thread_blocked, id=9140, stack(0x000000f609600000,0x000000f609700000)]
  0x0000022f19443000 JavaThread "ForkJoinPool-1-worker-3" daemon [_thread_blocked, id=7804, stack(0x000000f609f00000,0x000000f60a000000)]
  0x0000022f19448000 JavaThread "ForkJoinPool-1-worker-5" daemon [_thread_blocked, id=1912, stack(0x000000f60a900000,0x000000f60aa00000)]
  0x0000022f19449000 JavaThread "ForkJoinPool-1-worker-7" daemon [_thread_blocked, id=3884, stack(0x000000f60aa00000,0x000000f60ab00000)]
  0x0000022f1944a000 JavaThread "ForkJoinPool-1-worker-1" daemon [_thread_blocked, id=1800, stack(0x000000f60ab00000,0x000000f60ac00000)]

Other Threads:
=>0x0000022f7cd4c000 VMThread "VM Thread" [stack: 0x000000f606900000,0x000000f606a00000] [id=5836]
  0x0000022f7d89e000 WatcherThread [stack: 0x000000f607300000,0x000000f607400000] [id=7688]
  0x0000022f721a4000 GCTaskThread "GC Thread#0" [stack: 0x000000f606400000,0x000000f606500000] [id=5840]
  0x0000022f7dcf1000 GCTaskThread "GC Thread#1" [stack: 0x000000f607500000,0x000000f607600000] [id=6592]
  0x0000022f0f491800 GCTaskThread "GC Thread#2" [stack: 0x000000f608100000,0x000000f608200000] [id=9072]
  0x0000022f7eaad800 GCTaskThread "GC Thread#3" [stack: 0x000000f608200000,0x000000f608300000] [id=5708]
  0x0000022f721d9000 ConcurrentGCThread "G1 Main Marker" [stack: 0x000000f606500000,0x000000f606600000] [id=3700]
  0x0000022f721da800 ConcurrentGCThread "G1 Conc#0" [stack: 0x000000f606600000,0x000000f606700000] [id=5308]
  0x0000022f72258800 ConcurrentGCThread "G1 Refine#0" [stack: 0x000000f606700000,0x000000f606800000] [id=8580]
  0x0000022f1046b800 ConcurrentGCThread "G1 Refine#1" [stack: 0x000000f60a200000,0x000000f60a300000] [id=8664]
  0x0000022f10e52000 ConcurrentGCThread "G1 Refine#2" [stack: 0x000000f60a300000,0x000000f60a400000] [id=7948]
  0x0000022f72259800 ConcurrentGCThread "G1 Young RemSet Sampling" [stack: 0x000000f606800000,0x000000f606900000] [id=3788]

Threads with active compile tasks:
C1 CompilerThread0  62481 15084 % !   3       com.android.tools.r8.dex.m::c @ 435 (2765 bytes)

VM state:at safepoint (normal execution)

VM Mutex/Monitor currently owned by a thread:  ([mutex/lock_event])
[0x0000022f72189b70] Threads_lock - owner thread: 0x0000022f7cd4c000
[0x0000022f72188cd0] Heap_lock - owner thread: 0x0000022f19449000

Heap address: 0x0000000080000000, size: 2048 MB, Compressed Oops mode: 32-bit
Narrow klass base: 0x0000000000000000, Narrow klass shift: 3
Compressed class space size: 1073741824 Address: 0x0000000100000000

Heap:
 garbage-first heap   total 301056K, used 144891K [0x0000000080000000, 0x0000000100000000)
  region size 1024K, 1 young (1024K), 1 survivors (1024K)
 Metaspace       used 103144K, capacity 105741K, committed 106060K, reserved 1140736K
  class space    used 13192K, capacity 14144K, committed 14208K, reserved 1048576K
Heap Regions: E=young(eden), S=young(survivor), O=old, HS=humongous(starts), HC=humongous(continues), CS=collection set, F=free, A=archive, TAMS=top-at-mark-start (previous, next)
|   0|0x0000000080000000, 0x0000000080100000, 0x0000000080100000|100%| O|  |TAMS 0x0000000080100000, 0x0000000080100000| Untracked 
|   1|0x0000000080100000, 0x0000000080200000, 0x0000000080200000|100%| O|  |TAMS 0x0000000080200000, 0x0000000080200000| Untracked 
|   2|0x0000000080200000, 0x0000000080300000, 0x0000000080300000|100%| O|  |TAMS 0x0000000080300000, 0x0000000080300000| Untracked 
|   3|0x0000000080300000, 0x0000000080400000, 0x0000000080400000|100%|HS|  |TAMS 0x0000000080400000, 0x0000000080400000| Complete 
|   4|0x0000000080400000, 0x0000000080500000, 0x0000000080500000|100%|HC|  |TAMS 0x0000000080500000, 0x0000000080500000| Complete 
|   5|0x0000000080500000, 0x0000000080600000, 0x0000000080600000|100%|HC|  |TAMS 0x0000000080600000, 0x0000000080600000| Complete 
|   6|0x0000000080600000, 0x0000000080700000, 0x0000000080700000|100%| O|  |TAMS 0x0000000080700000, 0x0000000080700000| Untracked 
|   7|0x0000000080700000, 0x0000000080800000, 0x0000000080800000|100%| O|  |TAMS 0x0000000080800000, 0x0000000080800000| Untracked 
|   8|0x0000000080800000, 0x0000000080900000, 0x0000000080900000|100%| O|  |TAMS 0x0000000080900000, 0x0000000080900000| Untracked 
|   9|0x0000000080900000, 0x0000000080a00000, 0x0000000080a00000|100%| O|  |TAMS 0x0000000080a00000, 0x0000000080a00000| Untracked 
|  10|0x0000000080a00000, 0x0000000080b00000, 0x0000000080b00000|100%| O|  |TAMS 0x0000000080b00000, 0x0000000080b00000| Untracked 
|  11|0x0000000080b00000, 0x0000000080c00000, 0x0000000080c00000|100%| O|  |TAMS 0x0000000080c00000, 0x0000000080c00000| Untracked 
|  12|0x0000000080c00000, 0x0000000080d00000, 0x0000000080d00000|100%| O|  |TAMS 0x0000000080d00000, 0x0000000080d00000| Untracked 
|  13|0x0000000080d00000, 0x0000000080e00000, 0x0000000080e00000|100%| O|  |TAMS 0x0000000080e00000, 0x0000000080e00000| Untracked 
|  14|0x0000000080e00000, 0x0000000080f00000, 0x0000000080f00000|100%| O|  |TAMS 0x0000000080f00000, 0x0000000080f00000| Untracked 
|  15|0x0000000080f00000, 0x0000000081000000, 0x0000000081000000|100%| O|  |TAMS 0x0000000081000000, 0x0000000081000000| Untracked 
|  16|0x0000000081000000, 0x0000000081100000, 0x0000000081100000|100%| O|  |TAMS 0x0000000081100000, 0x0000000081100000| Untracked 
|  17|0x0000000081100000, 0x0000000081200000, 0x0000000081200000|100%|HS|  |TAMS 0x0000000081200000, 0x0000000081200000| Complete 
|  18|0x0000000081200000, 0x0000000081300000, 0x0000000081300000|100%| O|  |TAMS 0x0000000081300000, 0x0000000081300000| Untracked 
|  19|0x0000000081300000, 0x0000000081400000, 0x0000000081400000|100%| O|  |TAMS 0x0000000081400000, 0x0000000081400000| Untracked 
|  20|0x0000000081400000, 0x0000000081500000, 0x0000000081500000|100%| O|  |TAMS 0x0000000081500000, 0x0000000081500000| Untracked 
|  21|0x0000000081500000, 0x0000000081600000, 0x0000000081600000|100%| O|  |TAMS 0x0000000081600000, 0x0000000081600000| Untracked 
|  22|0x0000000081600000, 0x0000000081700000, 0x0000000081700000|100%| O|  |TAMS 0x0000000081700000, 0x0000000081700000| Untracked 
|  23|0x0000000081700000, 0x0000000081800000, 0x0000000081800000|100%|HS|  |TAMS 0x0000000081800000, 0x0000000081800000| Complete 
|  24|0x0000000081800000, 0x0000000081900000, 0x0000000081900000|100%|HS|  |TAMS 0x0000000081900000, 0x0000000081900000| Complete 
|  25|0x0000000081900000, 0x0000000081a00000, 0x0000000081a00000|100%|HC|  |TAMS 0x0000000081a00000, 0x0000000081a00000| Complete 
|  26|0x0000000081a00000, 0x0000000081b00000, 0x0000000081b00000|100%| O|  |TAMS 0x0000000081b00000, 0x0000000081b00000| Untracked 
|  27|0x0000000081b00000, 0x0000000081c00000, 0x0000000081c00000|100%| O|  |TAMS 0x0000000081c00000, 0x0000000081c00000| Untracked 
|  28|0x0000000081c00000, 0x0000000081d00000, 0x0000000081d00000|100%| O|  |TAMS 0x0000000081d00000, 0x0000000081d00000| Untracked 
|  29|0x0000000081d00000, 0x0000000081e00000, 0x0000000081e00000|100%| O|  |TAMS 0x0000000081e00000, 0x0000000081e00000| Untracked 
|  30|0x0000000081e00000, 0x0000000081f00000, 0x0000000081f00000|100%| O|  |TAMS 0x0000000081f00000, 0x0000000081f00000| Untracked 
|  31|0x0000000081f00000, 0x0000000082000000, 0x0000000082000000|100%| O|  |TAMS 0x0000000082000000, 0x0000000082000000| Untracked 
|  32|0x0000000082000000, 0x0000000082100000, 0x0000000082100000|100%| O|  |TAMS 0x0000000082100000, 0x0000000082100000| Untracked 
|  33|0x0000000082100000, 0x0000000082200000, 0x0000000082200000|100%| O|  |TAMS 0x0000000082200000, 0x0000000082200000| Untracked 
|  34|0x0000000082200000, 0x0000000082300000, 0x0000000082300000|100%| O|  |TAMS 0x0000000082300000, 0x0000000082300000| Untracked 
|  35|0x0000000082300000, 0x0000000082400000, 0x0000000082400000|100%| O|  |TAMS 0x0000000082400000, 0x0000000082400000| Untracked 
|  36|0x0000000082400000, 0x0000000082500000, 0x0000000082500000|100%| O|  |TAMS 0x0000000082500000, 0x0000000082500000| Untracked 
|  37|0x0000000082500000, 0x0000000082600000, 0x0000000082600000|100%| O|  |TAMS 0x0000000082600000, 0x0000000082600000| Untracked 
|  38|0x0000000082600000, 0x0000000082700000, 0x0000000082700000|100%| O|  |TAMS 0x0000000082700000, 0x0000000082700000| Untracked 
|  39|0x0000000082700000, 0x0000000082800000, 0x0000000082800000|100%| O|  |TAMS 0x0000000082800000, 0x0000000082800000| Untracked 
|  40|0x0000000082800000, 0x0000000082900000, 0x0000000082900000|100%| O|  |TAMS 0x0000000082900000, 0x0000000082900000| Untracked 
|  41|0x0000000082900000, 0x0000000082a00000, 0x0000000082a00000|100%| O|  |TAMS 0x0000000082a00000, 0x0000000082a00000| Untracked 
|  42|0x0000000082a00000, 0x0000000082b00000, 0x0000000082b00000|100%| O|  |TAMS 0x0000000082b00000, 0x0000000082b00000| Untracked 
|  43|0x0000000082b00000, 0x0000000082c00000, 0x0000000082c00000|100%| O|  |TAMS 0x0000000082c00000, 0x0000000082c00000| Untracked 
|  44|0x0000000082c00000, 0x0000000082d00000, 0x0000000082d00000|100%| O|  |TAMS 0x0000000082d00000, 0x0000000082d00000| Untracked 
|  45|0x0000000082d00000, 0x0000000082e00000, 0x0000000082e00000|100%| O|  |TAMS 0x0000000082e00000, 0x0000000082e00000| Untracked 
|  46|0x0000000082e00000, 0x0000000082f00000, 0x0000000082f00000|100%| O|  |TAMS 0x0000000082f00000, 0x0000000082f00000| Untracked 
|  47|0x0000000082f00000, 0x0000000083000000, 0x0000000083000000|100%| O|  |TAMS 0x0000000083000000, 0x0000000083000000| Untracked 
|  48|0x0000000083000000, 0x0000000083100000, 0x0000000083100000|100%| O|  |TAMS 0x0000000083100000, 0x0000000083100000| Untracked 
|  49|0x0000000083100000, 0x0000000083200000, 0x0000000083200000|100%| O|  |TAMS 0x0000000083200000, 0x0000000083200000| Untracked 
|  50|0x0000000083200000, 0x0000000083300000, 0x0000000083300000|100%| O|  |TAMS 0x0000000083300000, 0x0000000083300000| Untracked 
|  51|0x0000000083300000, 0x0000000083400000, 0x0000000083400000|100%| O|  |TAMS 0x0000000083400000, 0x0000000083400000| Untracked 
|  52|0x0000000083400000, 0x0000000083500000, 0x0000000083500000|100%| O|  |TAMS 0x0000000083500000, 0x0000000083500000| Untracked 
|  53|0x0000000083500000, 0x0000000083600000, 0x0000000083600000|100%| O|  |TAMS 0x0000000083600000, 0x0000000083600000| Untracked 
|  54|0x0000000083600000, 0x0000000083700000, 0x0000000083700000|100%| O|  |TAMS 0x0000000083700000, 0x0000000083700000| Untracked 
|  55|0x0000000083700000, 0x0000000083800000, 0x0000000083800000|100%| O|  |TAMS 0x0000000083800000, 0x0000000083800000| Untracked 
|  56|0x0000000083800000, 0x0000000083900000, 0x0000000083900000|100%| O|  |TAMS 0x0000000083900000, 0x0000000083900000| Untracked 
|  57|0x0000000083900000, 0x0000000083a00000, 0x0000000083a00000|100%| O|  |TAMS 0x0000000083a00000, 0x0000000083a00000| Untracked 
|  58|0x0000000083a00000, 0x0000000083b00000, 0x0000000083b00000|100%| O|  |TAMS 0x0000000083b00000, 0x0000000083b00000| Untracked 
|  59|0x0000000083b00000, 0x0000000083c00000, 0x0000000083c00000|100%| O|  |TAMS 0x0000000083c00000, 0x0000000083c00000| Untracked 
|  60|0x0000000083c00000, 0x0000000083d00000, 0x0000000083d00000|100%|HS|  |TAMS 0x0000000083d00000, 0x0000000083d00000| Complete 
|  61|0x0000000083d00000, 0x0000000083e00000, 0x0000000083e00000|100%|HC|  |TAMS 0x0000000083e00000, 0x0000000083e00000| Complete 
|  62|0x0000000083e00000, 0x0000000083f00000, 0x0000000083f00000|100%|HS|  |TAMS 0x0000000083f00000, 0x0000000083f00000| Complete 
|  63|0x0000000083f00000, 0x0000000084000000, 0x0000000084000000|100%|HS|  |TAMS 0x0000000084000000, 0x0000000084000000| Complete 
|  64|0x0000000084000000, 0x0000000084100000, 0x0000000084100000|100%|HS|  |TAMS 0x0000000084100000, 0x0000000084100000| Complete 
|  65|0x0000000084100000, 0x0000000084200000, 0x0000000084200000|100%| O|  |TAMS 0x0000000084200000, 0x0000000084200000| Untracked 
|  66|0x0000000084200000, 0x0000000084300000, 0x0000000084300000|100%| O|  |TAMS 0x0000000084300000, 0x0000000084300000| Untracked 
|  67|0x0000000084300000, 0x0000000084400000, 0x0000000084400000|100%| O|  |TAMS 0x0000000084400000, 0x0000000084400000| Untracked 
|  68|0x0000000084400000, 0x0000000084500000, 0x0000000084500000|100%| O|  |TAMS 0x0000000084500000, 0x0000000084500000| Untracked 
|  69|0x0000000084500000, 0x0000000084600000, 0x0000000084600000|100%| O|  |TAMS 0x0000000084600000, 0x0000000084600000| Untracked 
|  70|0x0000000084600000, 0x0000000084700000, 0x0000000084700000|100%| O|  |TAMS 0x0000000084700000, 0x0000000084700000| Untracked 
|  71|0x0000000084700000, 0x0000000084800000, 0x0000000084800000|100%| O|  |TAMS 0x0000000084800000, 0x0000000084800000| Untracked 
|  72|0x0000000084800000, 0x0000000084900000, 0x0000000084900000|100%| O|  |TAMS 0x0000000084900000, 0x0000000084900000| Untracked 
|  73|0x0000000084900000, 0x0000000084a00000, 0x0000000084a00000|100%| O|  |TAMS 0x0000000084a00000, 0x0000000084a00000| Untracked 
|  74|0x0000000084a00000, 0x0000000084b00000, 0x0000000084b00000|100%| O|  |TAMS 0x0000000084a00000, 0x0000000084b00000| Untracked 
|  75|0x0000000084b00000, 0x0000000084c00000, 0x0000000084c00000|100%| O|  |TAMS 0x0000000084b00000, 0x0000000084c00000| Untracked 
|  76|0x0000000084c00000, 0x0000000084d00000, 0x0000000084d00000|100%| O|  |TAMS 0x0000000084d00000, 0x0000000084d00000| Untracked 
|  77|0x0000000084d00000, 0x0000000084e00000, 0x0000000084e00000|100%| O|  |TAMS 0x0000000084d00000, 0x0000000084e00000| Untracked 
|  78|0x0000000084e00000, 0x0000000084f00000, 0x0000000084f00000|100%|HS|  |TAMS 0x0000000084e00000, 0x0000000084f00000| Complete 
|  79|0x0000000084f00000, 0x0000000085000000, 0x0000000085000000|100%| O|  |TAMS 0x0000000085000000, 0x0000000085000000| Untracked 
|  80|0x0000000085000000, 0x0000000085100000, 0x0000000085100000|100%|HS|  |TAMS 0x0000000085000000, 0x0000000085100000| Complete 
|  81|0x0000000085100000, 0x0000000085200000, 0x0000000085200000|100%|HS|  |TAMS 0x0000000085100000, 0x0000000085200000| Complete 
|  82|0x0000000085200000, 0x0000000085300000, 0x0000000085300000|100%|HS|  |TAMS 0x0000000085200000, 0x0000000085300000| Complete 
|  83|0x0000000085300000, 0x0000000085400000, 0x0000000085400000|100%|HS|  |TAMS 0x0000000085300000, 0x0000000085400000| Complete 
|  84|0x0000000085400000, 0x0000000085500000, 0x0000000085500000|100%| O|  |TAMS 0x0000000085500000, 0x0000000085500000| Untracked 
|  85|0x0000000085500000, 0x0000000085600000, 0x0000000085600000|100%| O|  |TAMS 0x0000000085500000, 0x0000000085600000| Untracked 
|  86|0x0000000085600000, 0x0000000085700000, 0x0000000085700000|100%| O|  |TAMS 0x0000000085600000, 0x0000000085700000| Untracked 
|  87|0x0000000085700000, 0x0000000085800000, 0x0000000085800000|100%| O|  |TAMS 0x0000000085800000, 0x0000000085800000| Untracked 
|  88|0x0000000085800000, 0x0000000085900000, 0x0000000085900000|100%| O|  |TAMS 0x0000000085800000, 0x0000000085900000| Untracked 
|  89|0x0000000085900000, 0x0000000085a00000, 0x0000000085a00000|100%| O|  |TAMS 0x0000000085a00000, 0x0000000085a00000| Untracked 
|  90|0x0000000085a00000, 0x0000000085b00000, 0x0000000085b00000|100%| O|  |TAMS 0x0000000085a00000, 0x0000000085b00000| Untracked 
|  91|0x0000000085b00000, 0x0000000085c00000, 0x0000000085c00000|100%| O|  |TAMS 0x0000000085c00000, 0x0000000085c00000| Untracked 
|  92|0x0000000085c00000, 0x0000000085d00000, 0x0000000085d00000|100%| O|  |TAMS 0x0000000085d00000, 0x0000000085d00000| Untracked 
|  93|0x0000000085d00000, 0x0000000085e00000, 0x0000000085e00000|100%| O|  |TAMS 0x0000000085e00000, 0x0000000085e00000| Untracked 
|  94|0x0000000085e00000, 0x0000000085f00000, 0x0000000085f00000|100%| O|  |TAMS 0x0000000085f00000, 0x0000000085f00000| Untracked 
|  95|0x0000000085f00000, 0x0000000086000000, 0x0000000086000000|100%| O|  |TAMS 0x0000000085f00000, 0x0000000086000000| Untracked 
|  96|0x0000000086000000, 0x0000000086100000, 0x0000000086100000|100%| O|  |TAMS 0x0000000086100000, 0x0000000086100000| Untracked 
|  97|0x0000000086100000, 0x0000000086200000, 0x0000000086200000|100%| O|  |TAMS 0x0000000086200000, 0x0000000086200000| Untracked 
|  98|0x0000000086200000, 0x0000000086300000, 0x0000000086300000|100%| O|  |TAMS 0x0000000086300000, 0x0000000086300000| Untracked 
|  99|0x0000000086300000, 0x0000000086400000, 0x0000000086400000|100%| O|  |TAMS 0x0000000086400000, 0x0000000086400000| Untracked 
| 100|0x0000000086400000, 0x0000000086500000, 0x0000000086500000|100%| O|  |TAMS 0x0000000086500000, 0x0000000086500000| Untracked 
| 101|0x0000000086500000, 0x0000000086600000, 0x0000000086600000|100%| O|  |TAMS 0x0000000086600000, 0x0000000086600000| Untracked 
| 102|0x0000000086600000, 0x0000000086700000, 0x0000000086700000|100%|HS|  |TAMS 0x0000000086600000, 0x0000000086700000| Complete 
| 103|0x0000000086700000, 0x0000000086800000, 0x0000000086800000|100%| O|  |TAMS 0x0000000086800000, 0x0000000086800000| Untracked 
| 104|0x0000000086800000, 0x0000000086900000, 0x0000000086900000|100%| O|  |TAMS 0x0000000086900000, 0x0000000086900000| Untracked 
| 105|0x0000000086900000, 0x0000000086a00000, 0x0000000086a00000|100%| O|  |TAMS 0x0000000086a00000, 0x0000000086a00000| Untracked 
| 106|0x0000000086a00000, 0x0000000086b00000, 0x0000000086b00000|100%| O|  |TAMS 0x0000000086b00000, 0x0000000086b00000| Untracked 
| 107|0x0000000086b00000, 0x0000000086c00000, 0x0000000086c00000|100%| O|  |TAMS 0x0000000086c00000, 0x0000000086c00000| Untracked 
| 108|0x0000000086c00000, 0x0000000086d00000, 0x0000000086d00000|100%| O|  |TAMS 0x0000000086c00000, 0x0000000086d00000| Untracked 
| 109|0x0000000086d00000, 0x0000000086e00000, 0x0000000086e00000|100%| O|  |TAMS 0x0000000086d00000, 0x0000000086e00000| Untracked 
| 110|0x0000000086e00000, 0x0000000086f00000, 0x0000000086f00000|100%| O|  |TAMS 0x0000000086e00000, 0x0000000086f00000| Untracked 
| 111|0x0000000086f00000, 0x0000000087000000, 0x0000000087000000|100%| O|  |TAMS 0x0000000087000000, 0x0000000087000000| Untracked 
| 112|0x0000000087000000, 0x0000000087100000, 0x0000000087100000|100%| O|  |TAMS 0x0000000087100000, 0x0000000087100000| Untracked 
| 113|0x0000000087100000, 0x0000000087200000, 0x0000000087200000|100%| O|  |TAMS 0x0000000087200000, 0x0000000087200000| Untracked 
| 114|0x0000000087200000, 0x0000000087300000, 0x0000000087300000|100%| O|  |TAMS 0x0000000087300000, 0x0000000087300000| Untracked 
| 115|0x0000000087300000, 0x0000000087400000, 0x0000000087400000|100%| O|  |TAMS 0x0000000087400000, 0x0000000087400000| Untracked 
| 116|0x0000000087400000, 0x0000000087500000, 0x0000000087500000|100%| O|  |TAMS 0x0000000087500000, 0x0000000087500000| Untracked 
| 117|0x0000000087500000, 0x0000000087600000, 0x0000000087600000|100%| O|  |TAMS 0x0000000087600000, 0x0000000087600000| Untracked 
| 118|0x0000000087600000, 0x0000000087700000, 0x0000000087700000|100%| O|  |TAMS 0x0000000087700000, 0x0000000087700000| Untracked 
| 119|0x0000000087700000, 0x0000000087800000, 0x0000000087800000|100%| O|  |TAMS 0x0000000087800000, 0x0000000087800000| Untracked 
| 120|0x0000000087800000, 0x0000000087900000, 0x0000000087900000|100%| O|  |TAMS 0x0000000087900000, 0x0000000087900000| Untracked 
| 121|0x0000000087900000, 0x0000000087a00000, 0x0000000087a00000|100%| O|  |TAMS 0x0000000087900000, 0x0000000087a00000| Untracked 
| 122|0x0000000087a00000, 0x0000000087b00000, 0x0000000087b00000|100%| O|  |TAMS 0x0000000087a00000, 0x0000000087b00000| Untracked 
| 123|0x0000000087b00000, 0x0000000087c00000, 0x0000000087c00000|100%| O|  |TAMS 0x0000000087c00000, 0x0000000087c00000| Untracked 
| 124|0x0000000087c00000, 0x0000000087d00000, 0x0000000087d00000|100%| O|  |TAMS 0x0000000087d00000, 0x0000000087d00000| Untracked 
| 125|0x0000000087d00000, 0x0000000087e00000, 0x0000000087e00000|100%| O|  |TAMS 0x0000000087e00000, 0x0000000087e00000| Untracked 
| 126|0x0000000087e00000, 0x0000000087f00000, 0x0000000087f00000|100%| O|  |TAMS 0x0000000087f00000, 0x0000000087f00000| Untracked 
| 127|0x0000000087f00000, 0x0000000088000000, 0x0000000088000000|100%|HS|  |TAMS 0x0000000087f00000, 0x0000000088000000| Complete 
| 128|0x0000000088000000, 0x0000000088100000, 0x0000000088100000|100%| O|  |TAMS 0x0000000088100000, 0x0000000088100000| Untracked 
| 129|0x0000000088100000, 0x0000000088200000, 0x0000000088200000|100%| O|  |TAMS 0x0000000088200000, 0x0000000088200000| Untracked 
| 130|0x0000000088200000, 0x0000000088300000, 0x0000000088300000|100%| O|  |TAMS 0x0000000088300000, 0x0000000088300000| Untracked 
| 131|0x0000000088300000, 0x0000000088400000, 0x0000000088400000|100%| O|  |TAMS 0x0000000088400000, 0x0000000088400000| Untracked 
| 132|0x0000000088400000, 0x0000000088500000, 0x0000000088500000|100%| O|  |TAMS 0x0000000088400000, 0x0000000088500000| Untracked 
| 133|0x0000000088500000, 0x0000000088600000, 0x0000000088600000|100%| O|  |TAMS 0x0000000088500000, 0x0000000088600000| Untracked 
| 134|0x0000000088600000, 0x0000000088700000, 0x0000000088700000|100%| O|  |TAMS 0x0000000088600000, 0x0000000088700000| Untracked 
| 135|0x0000000088700000, 0x0000000088800000, 0x0000000088800000|100%| O|  |TAMS 0x0000000088700000, 0x0000000088800000| Untracked 
| 136|0x0000000088800000, 0x0000000088900000, 0x0000000088900000|100%| O|  |TAMS 0x0000000088800000, 0x0000000088900000| Untracked 
| 137|0x0000000088900000, 0x0000000088a00000, 0x0000000088a00000|100%| O|  |TAMS 0x0000000088900000, 0x0000000088a00000| Untracked 
| 138|0x0000000088a00000, 0x0000000088b00000, 0x0000000088b00000|100%| O|  |TAMS 0x0000000088a00000, 0x0000000088b00000| Untracked 
| 139|0x0000000088b00000, 0x0000000088c00000, 0x0000000088c00000|100%| O|  |TAMS 0x0000000088b00000, 0x0000000088c00000| Untracked 
| 140|0x0000000088c00000, 0x0000000088c98600, 0x0000000088d00000| 59%| O|  |TAMS 0x0000000088c00000, 0x0000000088c98600| Untracked 
| 141|0x0000000088d00000, 0x0000000088d00000, 0x0000000088e00000|  0%| F|  |TAMS 0x0000000088d00000, 0x0000000088d00000| Untracked 
| 142|0x0000000088e00000, 0x0000000088e00000, 0x0000000088f00000|  0%| F|  |TAMS 0x0000000088e00000, 0x0000000088e00000| Untracked 
| 143|0x0000000088f00000, 0x0000000088f00000, 0x0000000089000000|  0%| F|  |TAMS 0x0000000088f00000, 0x0000000088f00000| Untracked 
| 144|0x0000000089000000, 0x0000000089000000, 0x0000000089100000|  0%| F|  |TAMS 0x0000000089000000, 0x0000000089000000| Untracked 
| 145|0x0000000089100000, 0x0000000089100000, 0x0000000089200000|  0%| F|  |TAMS 0x0000000089100000, 0x0000000089100000| Untracked 
| 146|0x0000000089200000, 0x0000000089200000, 0x0000000089300000|  0%| F|  |TAMS 0x0000000089200000, 0x0000000089200000| Untracked 
| 147|0x0000000089300000, 0x0000000089300000, 0x0000000089400000|  0%| F|  |TAMS 0x0000000089300000, 0x0000000089300000| Untracked 
| 148|0x0000000089400000, 0x0000000089400000, 0x0000000089500000|  0%| F|  |TAMS 0x0000000089400000, 0x0000000089400000| Untracked 
| 149|0x0000000089500000, 0x0000000089500000, 0x0000000089600000|  0%| F|  |TAMS 0x0000000089500000, 0x0000000089500000| Untracked 
| 150|0x0000000089600000, 0x0000000089600000, 0x0000000089700000|  0%| F|  |TAMS 0x0000000089600000, 0x0000000089600000| Untracked 
| 151|0x0000000089700000, 0x0000000089700000, 0x0000000089800000|  0%| F|  |TAMS 0x0000000089700000, 0x0000000089700000| Untracked 
| 152|0x0000000089800000, 0x0000000089800000, 0x0000000089900000|  0%| F|  |TAMS 0x0000000089800000, 0x0000000089800000| Untracked 
| 153|0x0000000089900000, 0x0000000089900000, 0x0000000089a00000|  0%| F|  |TAMS 0x0000000089900000, 0x0000000089900000| Untracked 
| 154|0x0000000089a00000, 0x0000000089a00000, 0x0000000089b00000|  0%| F|  |TAMS 0x0000000089a00000, 0x0000000089a00000| Untracked 
| 155|0x0000000089b00000, 0x0000000089b00000, 0x0000000089c00000|  0%| F|  |TAMS 0x0000000089b00000, 0x0000000089b00000| Untracked 
| 156|0x0000000089c00000, 0x0000000089c00000, 0x0000000089d00000|  0%| F|  |TAMS 0x0000000089c00000, 0x0000000089c00000| Untracked 
| 157|0x0000000089d00000, 0x0000000089d00000, 0x0000000089e00000|  0%| F|  |TAMS 0x0000000089d00000, 0x0000000089d00000| Untracked 
| 158|0x0000000089e00000, 0x0000000089e00000, 0x0000000089f00000|  0%| F|  |TAMS 0x0000000089e00000, 0x0000000089e00000| Untracked 
| 159|0x0000000089f00000, 0x0000000089f00000, 0x000000008a000000|  0%| F|  |TAMS 0x0000000089f00000, 0x0000000089f00000| Untracked 
| 160|0x000000008a000000, 0x000000008a000000, 0x000000008a100000|  0%| F|  |TAMS 0x000000008a000000, 0x000000008a000000| Untracked 
| 161|0x000000008a100000, 0x000000008a100000, 0x000000008a200000|  0%| F|  |TAMS 0x000000008a100000, 0x000000008a100000| Untracked 
| 162|0x000000008a200000, 0x000000008a200000, 0x000000008a300000|  0%| F|  |TAMS 0x000000008a200000, 0x000000008a200000| Untracked 
| 163|0x000000008a300000, 0x000000008a300000, 0x000000008a400000|  0%| F|  |TAMS 0x000000008a300000, 0x000000008a300000| Untracked 
| 164|0x000000008a400000, 0x000000008a400000, 0x000000008a500000|  0%| F|  |TAMS 0x000000008a400000, 0x000000008a400000| Untracked 
| 165|0x000000008a500000, 0x000000008a500000, 0x000000008a600000|  0%| F|  |TAMS 0x000000008a500000, 0x000000008a500000| Untracked 
| 166|0x000000008a600000, 0x000000008a600000, 0x000000008a700000|  0%| F|  |TAMS 0x000000008a600000, 0x000000008a600000| Untracked 
| 167|0x000000008a700000, 0x000000008a700000, 0x000000008a800000|  0%| F|  |TAMS 0x000000008a700000, 0x000000008a700000| Untracked 
| 168|0x000000008a800000, 0x000000008a800000, 0x000000008a900000|  0%| F|  |TAMS 0x000000008a800000, 0x000000008a800000| Untracked 
| 169|0x000000008a900000, 0x000000008a900000, 0x000000008aa00000|  0%| F|  |TAMS 0x000000008a900000, 0x000000008a900000| Untracked 
| 170|0x000000008aa00000, 0x000000008aa00000, 0x000000008ab00000|  0%| F|  |TAMS 0x000000008aa00000, 0x000000008aa00000| Untracked 
| 171|0x000000008ab00000, 0x000000008ab00000, 0x000000008ac00000|  0%| F|  |TAMS 0x000000008ab00000, 0x000000008ab00000| Untracked 
| 172|0x000000008ac00000, 0x000000008ac00000, 0x000000008ad00000|  0%| F|  |TAMS 0x000000008ac00000, 0x000000008ac00000| Untracked 
| 173|0x000000008ad00000, 0x000000008ad00000, 0x000000008ae00000|  0%| F|  |TAMS 0x000000008ad00000, 0x000000008ad00000| Untracked 
| 174|0x000000008ae00000, 0x000000008ae00000, 0x000000008af00000|  0%| F|  |TAMS 0x000000008ae00000, 0x000000008ae00000| Untracked 
| 175|0x000000008af00000, 0x000000008af00000, 0x000000008b000000|  0%| F|  |TAMS 0x000000008af00000, 0x000000008af00000| Untracked 
| 176|0x000000008b000000, 0x000000008b000000, 0x000000008b100000|  0%| F|  |TAMS 0x000000008b000000, 0x000000008b000000| Untracked 
| 177|0x000000008b100000, 0x000000008b100000, 0x000000008b200000|  0%| F|  |TAMS 0x000000008b100000, 0x000000008b100000| Untracked 
| 178|0x000000008b200000, 0x000000008b200000, 0x000000008b300000|  0%| F|  |TAMS 0x000000008b200000, 0x000000008b200000| Untracked 
| 179|0x000000008b300000, 0x000000008b300000, 0x000000008b400000|  0%| F|  |TAMS 0x000000008b300000, 0x000000008b300000| Untracked 
| 180|0x000000008b400000, 0x000000008b400000, 0x000000008b500000|  0%| F|  |TAMS 0x000000008b400000, 0x000000008b400000| Untracked 
| 181|0x000000008b500000, 0x000000008b500000, 0x000000008b600000|  0%| F|  |TAMS 0x000000008b500000, 0x000000008b500000| Untracked 
| 182|0x000000008b600000, 0x000000008b600000, 0x000000008b700000|  0%| F|  |TAMS 0x000000008b600000, 0x000000008b600000| Untracked 
| 183|0x000000008b700000, 0x000000008b700000, 0x000000008b800000|  0%| F|  |TAMS 0x000000008b700000, 0x000000008b700000| Untracked 
| 184|0x000000008b800000, 0x000000008b800000, 0x000000008b900000|  0%| F|  |TAMS 0x000000008b800000, 0x000000008b800000| Untracked 
| 185|0x000000008b900000, 0x000000008b900000, 0x000000008ba00000|  0%| F|  |TAMS 0x000000008b900000, 0x000000008b900000| Untracked 
| 186|0x000000008ba00000, 0x000000008ba00000, 0x000000008bb00000|  0%| F|  |TAMS 0x000000008ba00000, 0x000000008ba00000| Untracked 
| 187|0x000000008bb00000, 0x000000008bb00000, 0x000000008bc00000|  0%| F|  |TAMS 0x000000008bb00000, 0x000000008bb00000| Untracked 
| 188|0x000000008bc00000, 0x000000008bc00000, 0x000000008bd00000|  0%| F|  |TAMS 0x000000008bc00000, 0x000000008bc00000| Untracked 
| 189|0x000000008bd00000, 0x000000008bd00000, 0x000000008be00000|  0%| F|  |TAMS 0x000000008bd00000, 0x000000008bd00000| Untracked 
| 190|0x000000008be00000, 0x000000008be00000, 0x000000008bf00000|  0%| F|  |TAMS 0x000000008be00000, 0x000000008be00000| Untracked 
| 191|0x000000008bf00000, 0x000000008bf00000, 0x000000008c000000|  0%| F|  |TAMS 0x000000008bf00000, 0x000000008bf00000| Untracked 
| 192|0x000000008c000000, 0x000000008c000000, 0x000000008c100000|  0%| F|  |TAMS 0x000000008c000000, 0x000000008c000000| Untracked 
| 193|0x000000008c100000, 0x000000008c100000, 0x000000008c200000|  0%| F|  |TAMS 0x000000008c100000, 0x000000008c100000| Untracked 
| 194|0x000000008c200000, 0x000000008c200000, 0x000000008c300000|  0%| F|  |TAMS 0x000000008c200000, 0x000000008c200000| Untracked 
| 195|0x000000008c300000, 0x000000008c300000, 0x000000008c400000|  0%| F|  |TAMS 0x000000008c300000, 0x000000008c300000| Untracked 
| 196|0x000000008c400000, 0x000000008c400000, 0x000000008c500000|  0%| F|  |TAMS 0x000000008c400000, 0x000000008c400000| Untracked 
| 197|0x000000008c500000, 0x000000008c500000, 0x000000008c600000|  0%| F|  |TAMS 0x000000008c500000, 0x000000008c500000| Untracked 
| 198|0x000000008c600000, 0x000000008c600000, 0x000000008c700000|  0%| F|  |TAMS 0x000000008c600000, 0x000000008c600000| Untracked 
| 199|0x000000008c700000, 0x000000008c700000, 0x000000008c800000|  0%| F|  |TAMS 0x000000008c700000, 0x000000008c700000| Untracked 
| 200|0x000000008c800000, 0x000000008c800000, 0x000000008c900000|  0%| F|  |TAMS 0x000000008c800000, 0x000000008c800000| Untracked 
| 201|0x000000008c900000, 0x000000008c900000, 0x000000008ca00000|  0%| F|  |TAMS 0x000000008c900000, 0x000000008c900000| Untracked 
| 202|0x000000008ca00000, 0x000000008ca00000, 0x000000008cb00000|  0%| F|  |TAMS 0x000000008ca00000, 0x000000008ca00000| Untracked 
| 203|0x000000008cb00000, 0x000000008cbe6640, 0x000000008cc00000| 89%| S|CS|TAMS 0x000000008cb00000, 0x000000008cb00000| Complete 
| 204|0x000000008cc00000, 0x000000008cc00000, 0x000000008cd00000|  0%| F|  |TAMS 0x000000008cc00000, 0x000000008cc00000| Untracked 
| 205|0x000000008cd00000, 0x000000008cd00000, 0x000000008ce00000|  0%| F|  |TAMS 0x000000008cd00000, 0x000000008cd00000| Untracked 
| 206|0x000000008ce00000, 0x000000008ce00000, 0x000000008cf00000|  0%| F|  |TAMS 0x000000008ce00000, 0x000000008ce00000| Untracked 
| 207|0x000000008cf00000, 0x000000008cf00000, 0x000000008d000000|  0%| F|  |TAMS 0x000000008cf00000, 0x000000008cf00000| Untracked 

Card table byte_map: [0x0000022f76080000,0x0000022f76480000] _byte_map_base: 0x0000022f75c80000

Marking Bits (Prev, Next): (CMBitMap*) 0x0000022f721cffc0, (CMBitMap*) 0x0000022f721cff88
 Prev Bits: [0x0000022f78880000, 0x0000022f7a880000)
 Next Bits: [0x0000022f76880000, 0x0000022f78880000)

Polling page: 0x0000022f6ff20000

Metaspace:

Usage:
  Non-class:     89.45 MB capacity,    87.84 MB ( 98%) used,     1.30 MB (  1%) free+waste,   311.19 KB ( <1%) overhead. 
      Class:     13.81 MB capacity,    12.88 MB ( 93%) used,   813.20 KB (  6%) free+waste,   138.31 KB ( <1%) overhead. 
       Both:    103.26 MB capacity,   100.73 MB ( 98%) used,     2.10 MB (  2%) free+waste,   449.50 KB ( <1%) overhead. 

Virtual space:
  Non-class space:       90.00 MB reserved,      89.70 MB (>99%) committed 
      Class space:        1.00 GB reserved,      13.88 MB (  1%) committed 
             Both:        1.09 GB reserved,     103.57 MB (  9%) committed 

Chunk freelists:
   Non-Class:  0 bytes
       Class:  0 bytes
        Both:  0 bytes

MaxMetaspaceSize: 17179869184.00 GB
CompressedClassSpaceSize: 1.00 GB

CodeHeap 'non-profiled nmethods': size=120064Kb used=9665Kb max_used=9665Kb free=110398Kb
 bounds [0x0000022f07ac0000, 0x0000022f08440000, 0x0000022f0f000000]
CodeHeap 'profiled nmethods': size=120000Kb used=32002Kb max_used=32002Kb free=87997Kb
 bounds [0x0000022f00590000, 0x0000022f024e0000, 0x0000022f07ac0000]
CodeHeap 'non-nmethods': size=5696Kb used=2320Kb max_used=2388Kb free=3375Kb
 bounds [0x0000022f00000000, 0x0000022f00270000, 0x0000022f00590000]
 total_blobs=15834 nmethods=14902 adapters=844
 compilation: enabled
              stopped_count=0, restarted_count=0
 full_count=0

Compilation events (20 events):
Event: 62.148 Thread 0x0000022f7cd80800 nmethod 15080 0x0000022f08427d90 code [0x0000022f08427f40, 0x0000022f08427ff8]
Event: 62.148 Thread 0x0000022f7cd80800 15079       1       com.android.tools.r8.code.H::w (2 bytes)
Event: 62.148 Thread 0x0000022f7cd80800 nmethod 15079 0x0000022f08428090 code [0x0000022f08428240, 0x0000022f084282f8]
Event: 62.148 Thread 0x0000022f7cd80800 15081       1       com.android.tools.r8.internal.Gw::a (5 bytes)
Event: 62.148 Thread 0x0000022f7cd80800 nmethod 15081 0x0000022f08428390 code [0x0000022f08428540, 0x0000022f084285f8]
Event: 62.153 Thread 0x0000022f7cd80800 15082       3       com.android.tools.r8.internal.No::d (20 bytes)
Event: 62.153 Thread 0x0000022f7cd80800 nmethod 15082 0x0000022f024aad90 code [0x0000022f024aaf60, 0x0000022f024ab148]
Event: 62.156 Thread 0x0000022f7cd80800 15084 % !   3       com.android.tools.r8.dex.m::c @ 435 (2765 bytes)
Event: 62.157 Thread 0x0000022f19445800 nmethod 15071 0x0000022f08428690 code [0x0000022f08428840, 0x0000022f08428db8]
Event: 62.157 Thread 0x0000022f19445800 15083       4       com.android.tools.r8.graph.d0::i0 (51 bytes)
Event: 62.159 Thread 0x0000022f19445800 nmethod 15083 0x0000022f08429110 code [0x0000022f084292a0, 0x0000022f08429358]
Event: 62.159 Thread 0x0000022f19445800 15070       4       com.android.tools.r8.dex.m$$Lambda$1342/0x0000000100ce3c40::apply (14 bytes)
Event: 62.163 Thread 0x0000022f19445800 nmethod 15070 0x0000022f08429490 code [0x0000022f08429640, 0x0000022f08429848]
Event: 62.163 Thread 0x0000022f19445800 14609       4       com.android.tools.r8.graph.w0::<init> (5 bytes)
Event: 62.164 Thread 0x0000022f19445800 nmethod 14609 0x0000022f08429a90 code [0x0000022f08429c20, 0x0000022f08429c78]
Event: 62.172 Thread 0x0000022f19445800 15089       4       com.android.tools.r8.graph.v0$j::c (64 bytes)
Event: 62.175 Thread 0x0000022f19445800 nmethod 15089 0x0000022f08429d10 code [0x0000022f08429ec0, 0x0000022f0842a008]
Event: 62.175 Thread 0x0000022f19445800 15090       4       com.android.tools.r8.graph.S0::e (15 bytes)
Event: 62.177 Thread 0x0000022f19445800 nmethod 15090 0x0000022f0842a210 code [0x0000022f0842a3c0, 0x0000022f0842a4a8]
Event: 62.194 Thread 0x0000022f7cd7d800 nmethod 14961 0x0000022f0842a610 code [0x0000022f0842aa20, 0x0000022f0842db98]

GC Heap History (20 events):
Event: 58.952 GC heap after
{Heap after GC invocations=35 (full 0):
 garbage-first heap   total 177152K, used 130499K [0x0000000080000000, 0x0000000100000000)
  region size 1024K, 4 young (4096K), 4 survivors (4096K)
 Metaspace       used 99828K, capacity 102286K, committed 102476K, reserved 1138688K
  class space    used 12750K, capacity 13634K, committed 13696K, reserved 1048576K
}
Event: 59.584 GC heap before
{Heap before GC invocations=36 (full 0):
 garbage-first heap   total 177152K, used 142787K [0x0000000080000000, 0x0000000100000000)
  region size 1024K, 17 young (17408K), 4 survivors (4096K)
 Metaspace       used 101583K, capacity 104007K, committed 104268K, reserved 1140736K
  class space    used 13008K, capacity 13906K, committed 13952K, reserved 1048576K
}
Event: 59.602 GC heap after
{Heap after GC invocations=37 (full 0):
 garbage-first heap   total 177152K, used 134656K [0x0000000080000000, 0x0000000100000000)
  region size 1024K, 3 young (3072K), 3 survivors (3072K)
 Metaspace       used 101583K, capacity 104007K, committed 104268K, reserved 1140736K
  class space    used 13008K, capacity 13906K, committed 13952K, reserved 1048576K
}
Event: 59.676 GC heap before
{Heap before GC invocations=37 (full 0):
 garbage-first heap   total 177152K, used 139776K [0x0000000080000000, 0x0000000100000000)
  region size 1024K, 8 young (8192K), 3 survivors (3072K)
 Metaspace       used 101665K, capacity 104114K, committed 104268K, reserved 1140736K
  class space    used 13018K, capacity 13916K, committed 13952K, reserved 1048576K
}
Event: 59.692 GC heap after
{Heap after GC invocations=38 (full 0):
 garbage-first heap   total 177152K, used 134054K [0x0000000080000000, 0x0000000100000000)
  region size 1024K, 1 young (1024K), 1 survivors (1024K)
 Metaspace       used 101665K, capacity 104114K, committed 104268K, reserved 1140736K
  class space    used 13018K, capacity 13916K, committed 13952K, reserved 1048576K
}
Event: 59.977 GC heap before
{Heap before GC invocations=38 (full 0):
 garbage-first heap   total 177152K, used 146342K [0x0000000080000000, 0x0000000100000000)
  region size 1024K, 13 young (13312K), 1 survivors (1024K)
 Metaspace       used 102202K, capacity 104847K, committed 104908K, reserved 1140736K
  class space    used 13113K, capacity 14078K, committed 14080K, reserved 1048576K
}
Event: 59.988 GC heap after
{Heap after GC invocations=39 (full 0):
 garbage-first heap   total 177152K, used 135078K [0x0000000080000000, 0x0000000100000000)
  region size 1024K, 2 young (2048K), 2 survivors (2048K)
 Metaspace       used 102202K, capacity 104847K, committed 104908K, reserved 1140736K
  class space    used 13113K, capacity 14078K, committed 14080K, reserved 1048576K
}
Event: 60.355 GC heap before
{Heap before GC invocations=39 (full 0):
 garbage-first heap   total 177152K, used 147366K [0x0000000080000000, 0x0000000100000000)
  region size 1024K, 14 young (14336K), 2 survivors (2048K)
 Metaspace       used 102560K, capacity 105195K, committed 105548K, reserved 1140736K
  class space    used 13150K, capacity 14103K, committed 14208K, reserved 1048576K
}
Event: 60.366 GC heap after
{Heap after GC invocations=40 (full 0):
 garbage-first heap   total 177152K, used 136450K [0x0000000080000000, 0x0000000100000000)
  region size 1024K, 2 young (2048K), 2 survivors (2048K)
 Metaspace       used 102560K, capacity 105195K, committed 105548K, reserved 1140736K
  class space    used 13150K, capacity 14103K, committed 14208K, reserved 1048576K
}
Event: 60.630 GC heap before
{Heap before GC invocations=40 (full 0):
 garbage-first heap   total 177152K, used 142594K [0x0000000080000000, 0x0000000100000000)
  region size 1024K, 14 young (14336K), 2 survivors (2048K)
 Metaspace       used 102531K, capacity 105103K, committed 105548K, reserved 1140736K
  class space    used 13129K, capacity 14066K, committed 14208K, reserved 1048576K
}
Event: 60.643 GC heap after
{Heap after GC invocations=41 (full 0):
 garbage-first heap   total 177152K, used 133136K [0x0000000080000000, 0x0000000100000000)
  region size 1024K, 2 young (2048K), 2 survivors (2048K)
 Metaspace       used 102531K, capacity 105103K, committed 105548K, reserved 1140736K
  class space    used 13129K, capacity 14066K, committed 14208K, reserved 1048576K
}
Event: 60.930 GC heap before
{Heap before GC invocations=42 (full 0):
 garbage-first heap   total 177152K, used 148496K [0x0000000080000000, 0x0000000100000000)
  region size 1024K, 15 young (15360K), 2 survivors (2048K)
 Metaspace       used 102540K, capacity 105168K, committed 105548K, reserved 1140736K
  class space    used 13129K, capacity 14066K, committed 14208K, reserved 1048576K
}
Event: 60.947 GC heap after
{Heap after GC invocations=43 (full 0):
 garbage-first heap   total 212992K, used 136271K [0x0000000080000000, 0x0000000100000000)
  region size 1024K, 2 young (2048K), 2 survivors (2048K)
 Metaspace       used 102540K, capacity 105168K, committed 105548K, reserved 1140736K
  class space    used 13129K, capacity 14066K, committed 14208K, reserved 1048576K
}
Event: 61.165 GC heap before
{Heap before GC invocations=43 (full 0):
 garbage-first heap   total 212992K, used 143439K [0x0000000080000000, 0x0000000100000000)
  region size 1024K, 10 young (10240K), 2 survivors (2048K)
 Metaspace       used 102726K, capacity 105374K, committed 105548K, reserved 1140736K
  class space    used 13150K, capacity 14111K, committed 14208K, reserved 1048576K
}
Event: 61.193 GC heap after
{Heap after GC invocations=44 (full 0):
 garbage-first heap   total 212992K, used 128900K [0x0000000080000000, 0x0000000100000000)
  region size 1024K, 2 young (2048K), 2 survivors (2048K)
 Metaspace       used 102726K, capacity 105374K, committed 105548K, reserved 1140736K
  class space    used 13150K, capacity 14111K, committed 14208K, reserved 1048576K
}
Event: 61.941 GC heap before
{Heap before GC invocations=44 (full 0):
 garbage-first heap   total 212992K, used 160644K [0x0000000080000000, 0x0000000100000000)
  region size 1024K, 31 young (31744K), 2 survivors (2048K)
 Metaspace       used 103014K, capacity 105654K, committed 105804K, reserved 1140736K
  class space    used 13185K, capacity 14138K, committed 14208K, reserved 1048576K
}
Event: 61.957 GC heap after
{Heap after GC invocations=45 (full 0):
 garbage-first heap   total 212992K, used 136576K [0x0000000080000000, 0x0000000100000000)
  region size 1024K, 4 young (4096K), 4 survivors (4096K)
 Metaspace       used 103014K, capacity 105654K, committed 105804K, reserved 1140736K
  class space    used 13185K, capacity 14138K, committed 14208K, reserved 1048576K
}
Event: 62.087 GC heap before
{Heap before GC invocations=45 (full 0):
 garbage-first heap   total 212992K, used 166272K [0x0000000080000000, 0x0000000100000000)
  region size 1024K, 32 young (32768K), 4 survivors (4096K)
 Metaspace       used 103090K, capacity 105737K, committed 105804K, reserved 1140736K
  class space    used 13191K, capacity 14143K, committed 14208K, reserved 1048576K
}
Event: 62.102 GC heap after
{Heap after GC invocations=46 (full 0):
 garbage-first heap   total 212992K, used 143046K [0x0000000080000000, 0x0000000100000000)
  region size 1024K, 4 young (4096K), 4 survivors (4096K)
 Metaspace       used 103090K, capacity 105737K, committed 105804K, reserved 1140736K
  class space    used 13191K, capacity 14143K, committed 14208K, reserved 1048576K
}
Event: 62.201 GC heap before
{Heap before GC invocations=46 (full 0):
 garbage-first heap   total 212992K, used 147142K [0x0000000080000000, 0x0000000100000000)
  region size 1024K, 8 young (8192K), 4 survivors (4096K)
 Metaspace       used 103144K, capacity 105741K, committed 106060K, reserved 1140736K
  class space    used 13192K, capacity 14144K, committed 14208K, reserved 1048576K
}

Deoptimization events (20 events):
Event: 62.024 Thread 0x0000022f19449000 Uncommon trap: trap_request=0xffffffc6 fr.pc=0x0000022f083dc13c relative=0x0000000000003c7c
Event: 62.024 Thread 0x0000022f19449000 Uncommon trap: reason=bimorphic_or_optimized_type_check action=maybe_recompile pc=0x0000022f083dc13c method=com.android.tools.r8.graph.Z.c(Ljava/util/function/Consumer;Lcom/android/tools/r8/graph/P;)V @ 12 c2
Event: 62.024 Thread 0x0000022f19449000 DEOPT PACKING pc=0x0000022f083dc13c sp=0x000000f60aafe380
Event: 62.024 Thread 0x0000022f19449000 DEOPT UNPACKING pc=0x0000022f000273af sp=0x000000f60aafe328 mode 2
Event: 62.024 Thread 0x0000022f19449000 Uncommon trap: trap_request=0xffffffc6 fr.pc=0x0000022f083dc13c relative=0x0000000000003c7c
Event: 62.024 Thread 0x0000022f19449000 Uncommon trap: reason=bimorphic_or_optimized_type_check action=maybe_recompile pc=0x0000022f083dc13c method=com.android.tools.r8.graph.Z.c(Ljava/util/function/Consumer;Lcom/android/tools/r8/graph/P;)V @ 12 c2
Event: 62.024 Thread 0x0000022f19449000 DEOPT PACKING pc=0x0000022f083dc13c sp=0x000000f60aafe380
Event: 62.024 Thread 0x0000022f19449000 DEOPT UNPACKING pc=0x0000022f000273af sp=0x000000f60aafe328 mode 2
Event: 62.024 Thread 0x0000022f19449000 Uncommon trap: trap_request=0xffffffc6 fr.pc=0x0000022f083dc13c relative=0x0000000000003c7c
Event: 62.024 Thread 0x0000022f19449000 Uncommon trap: reason=bimorphic_or_optimized_type_check action=maybe_recompile pc=0x0000022f083dc13c method=com.android.tools.r8.graph.Z.c(Ljava/util/function/Consumer;Lcom/android/tools/r8/graph/P;)V @ 12 c2
Event: 62.024 Thread 0x0000022f19449000 DEOPT PACKING pc=0x0000022f083dc13c sp=0x000000f60aafe380
Event: 62.024 Thread 0x0000022f19449000 DEOPT UNPACKING pc=0x0000022f000273af sp=0x000000f60aafe328 mode 2
Event: 62.119 Thread 0x0000022f19449000 Uncommon trap: trap_request=0xffffff4d fr.pc=0x0000022f083f18e4 relative=0x00000000000016e4
Event: 62.119 Thread 0x0000022f19449000 Uncommon trap: reason=unstable_if action=reinterpret pc=0x0000022f083f18e4 method=java.util.TimSort.mergeHi(IIII)V @ 131 c2
Event: 62.119 Thread 0x0000022f19449000 DEOPT PACKING pc=0x0000022f083f18e4 sp=0x000000f60aafe2a0
Event: 62.119 Thread 0x0000022f19449000 DEOPT UNPACKING pc=0x0000022f000273af sp=0x000000f60aafe270 mode 2
Event: 62.119 Thread 0x0000022f19449000 Uncommon trap: trap_request=0xffffff4d fr.pc=0x0000022f083f42cc relative=0x00000000000015cc
Event: 62.119 Thread 0x0000022f19449000 Uncommon trap: reason=unstable_if action=reinterpret pc=0x0000022f083f42cc method=java.util.TimSort.mergeLo(IIII)V @ 105 c2
Event: 62.119 Thread 0x0000022f19449000 DEOPT PACKING pc=0x0000022f083f42cc sp=0x000000f60aafe2b0
Event: 62.119 Thread 0x0000022f19449000 DEOPT UNPACKING pc=0x0000022f000273af sp=0x000000f60aafe278 mode 2

Classes redefined (0 events):
No events

Internal exceptions (20 events):
Event: 52.434 Thread 0x0000022f108ae000 Exception <a 'sun/nio/fs/WindowsException'{0x0000000089d5a790}> (0x0000000089d5a790) thrown at [./src/hotspot/share/prims/jni.cpp, line 615]
Event: 54.791 Thread 0x0000022f19446800 Exception <a 'sun/nio/fs/WindowsException'{0x0000000089525c10}> (0x0000000089525c10) thrown at [./src/hotspot/share/prims/jni.cpp, line 615]
Event: 56.621 Thread 0x0000022f108ba000 Exception <a 'java/lang/NoSuchMethodError'{0x0000000088182400}: 'java.lang.Object java.lang.invoke.DirectMethodHandle$Holder.invokeVirtual(java.lang.Object, java.lang.Object, int)'> (0x0000000088182400) thrown at [./src/hotspot/share/interpreter/linkResolver.cpp, line 773]
Event: 56.668 Thread 0x0000022f108ba000 Exception <a 'java/lang/NoSuchMethodError'{0x000000008ac62fa0}: 'void java.lang.invoke.DirectMethodHandle$Holder.invokeStatic(java.lang.Object, java.lang.Object, java.lang.Object, int)'> (0x000000008ac62fa0) thrown at [./src/hotspot/share/interpreter/linkResolver.cpp, line 773]
Event: 56.749 Thread 0x0000022f19446800 Exception <a 'java/lang/NoSuchMethodError'{0x000000008aa7e1f8}: 'java.lang.Object java.lang.invoke.DirectMethodHandle$Holder.invokeStatic(java.lang.Object, java.lang.Object, java.lang.Object, java.lang.Object, java.lang.Object, java.lang.Object, java.lang.Object, java.lang.Object, java.lang.Object, java.lang.Object, java.lang.Object, java.lang.Object, java.lang.Object, java.lang.Object, java.lang.Object, java.lang.Object, java.lang.Object, java.lang.Object, int, java.lang.Object)'> (0x000000008aa7e1f8) thr
Event: 56.749 Thread 0x0000022f19446800 Exception <a 'java/lang/NoSuchMethodError'{0x000000008aa83a88}: 'java.lang.Object java.lang.invoke.DirectMethodHandle$Holder.invokeStaticInit(java.lang.Object, java.lang.Object, java.lang.Object, java.lang.Object, java.lang.Object, java.lang.Object, java.lang.Object, java.lang.Object, java.lang.Object, java.lang.Object, java.lang.Object, java.lang.Object, java.lang.Object, java.lang.Object, java.lang.Object, java.lang.Object, java.lang.Object, java.lang.Object, int, java.lang.Object)'> (0x000000008aa83a88)
Event: 57.331 Thread 0x0000022f19449000 Exception <a 'java/lang/IncompatibleClassChangeError'{0x000000008750c568}: Found class java.lang.Object, but interface was expected> (0x000000008750c568) thrown at [./src/hotspot/share/interpreter/linkResolver.cpp, line 839]
Event: 57.595 Thread 0x0000022f19443000 Exception <a 'java/lang/NoSuchMethodError'{0x000000008a814bb8}: 'java.lang.Object java.lang.invoke.DirectMethodHandle$Holder.newInvokeSpecial(java.lang.Object, int)'> (0x000000008a814bb8) thrown at [./src/hotspot/share/interpreter/linkResolver.cpp, line 773]
Event: 57.821 Thread 0x0000022f19443000 Exception <a 'java/lang/IncompatibleClassChangeError'{0x000000008a89b468}: Found class java.lang.Object, but interface was expected> (0x000000008a89b468) thrown at [./src/hotspot/share/interpreter/linkResolver.cpp, line 839]
Event: 57.822 Thread 0x0000022f19443000 Exception <a 'java/lang/IncompatibleClassChangeError'{0x000000008a4d3890}: Found class java.lang.Object, but interface was expected> (0x000000008a4d3890) thrown at [./src/hotspot/share/interpreter/linkResolver.cpp, line 839]
Event: 57.822 Thread 0x0000022f19449000 Exception <a 'java/lang/IncompatibleClassChangeError'{0x000000008a4bcfe0}: Found class java.lang.Object, but interface was expected> (0x000000008a4bcfe0) thrown at [./src/hotspot/share/interpreter/linkResolver.cpp, line 839]
Event: 59.150 Thread 0x0000022f19446800 Exception <a 'java/lang/NoSuchMethodError'{0x000000008a8ba000}: 'int java.lang.invoke.DirectMethodHandle$Holder.invokeVirtual(java.lang.Object, java.lang.Object, java.lang.Object, java.lang.Object)'> (0x000000008a8ba000) thrown at [./src/hotspot/share/interpreter/linkResolver.cpp, line 773]
Event: 59.243 Thread 0x0000022f19446800 Exception <a 'java/lang/IncompatibleClassChangeError'{0x000000008a62e9e8}: Found class java.lang.Object, but interface was expected> (0x000000008a62e9e8) thrown at [./src/hotspot/share/interpreter/linkResolver.cpp, line 839]
Event: 59.256 Thread 0x0000022f19443000 Exception <a 'java/lang/NoSuchMethodError'{0x000000008a676568}: 'int java.lang.invoke.DirectMethodHandle$Holder.invokeVirtual(java.lang.Object, java.lang.Object, java.lang.Object)'> (0x000000008a676568) thrown at [./src/hotspot/share/interpreter/linkResolver.cpp, line 773]
Event: 59.759 Thread 0x0000022f19446800 Exception <a 'java/lang/NoSuchMethodError'{0x000000008abbeb58}: 'java.lang.Object java.lang.invoke.Invokers$Holder.linkToTargetMethod(java.lang.Object, int, java.lang.Object, java.lang.Object, java.lang.Object, java.lang.Object)'> (0x000000008abbeb58) thrown at [./src/hotspot/share/interpreter/linkResolver.cpp, line 773]
Event: 59.760 Thread 0x0000022f19446800 Exception <a 'java/lang/NoSuchMethodError'{0x000000008abc2a98}: 'void java.lang.invoke.DirectMethodHandle$Holder.invokeSpecial(java.lang.Object, java.lang.Object, java.lang.Object, java.lang.Object, java.lang.Object, java.lang.Object, java.lang.Object, java.lang.Object, java.lang.Object)'> (0x000000008abc2a98) thrown at [./src/hotspot/share/interpreter/linkResolver.cpp, line 773]
Event: 59.761 Thread 0x0000022f19446800 Exception <a 'java/lang/NoSuchMethodError'{0x000000008abcbc90}: 'java.lang.Object java.lang.invoke.Invokers$Holder.linkToTargetMethod(java.lang.Object, java.lang.Object, java.lang.Object, java.lang.Object, java.lang.Object, java.lang.Object, java.lang.Object)'> (0x000000008abcbc90) thrown at [./src/hotspot/share/interpreter/linkResolver.cpp, line 773]
Event: 59.783 Thread 0x0000022f19446800 Exception <a 'java/lang/IncompatibleClassChangeError'{0x000000008abf0060}: Found class java.lang.Object, but interface was expected> (0x000000008abf0060) thrown at [./src/hotspot/share/interpreter/linkResolver.cpp, line 839]
Event: 59.813 Thread 0x0000022f19446800 Exception <a 'java/lang/NoSuchMethodError'{0x000000008aa9e4a8}: 'void java.lang.invoke.DirectMethodHandle$Holder.invokeStatic(java.lang.Object, java.lang.Object, java.lang.Object, java.lang.Object, java.lang.Object, java.lang.Object, java.lang.Object, java.lang.Object)'> (0x000000008aa9e4a8) thrown at [./src/hotspot/share/interpreter/linkResolver.cpp, line 773]
Event: 61.101 Thread 0x0000022f19446800 Exception <a 'java/lang/IncompatibleClassChangeError'{0x000000008caeec28}: Found class java.lang.Object, but interface was expected> (0x000000008caeec28) thrown at [./src/hotspot/share/interpreter/linkResolver.cpp, line 839]

Events (20 events):
Event: 61.989 loading class com/android/tools/r8/graph/O done
Event: 62.021 loading class com/android/tools/r8/dex/n
Event: 62.021 loading class com/android/tools/r8/dex/n done
Event: 62.022 loading class com/android/tools/r8/graph/V0
Event: 62.022 loading class com/android/tools/r8/graph/V0 done
Event: 62.022 loading class com/android/tools/r8/dex/m
Event: 62.022 loading class com/android/tools/r8/dex/m done
Event: 62.024 loading class com/android/tools/r8/internal/Gw
Event: 62.024 loading class com/android/tools/r8/internal/Gw done
Event: 62.025 loading class com/android/tools/r8/naming/w$b
Event: 62.025 loading class com/android/tools/r8/naming/w$b done
Event: 62.025 loading class com/android/tools/r8/naming/w$c
Event: 62.025 loading class com/android/tools/r8/naming/w$c done
Event: 62.026 loading class com/android/tools/r8/naming/w
Event: 62.026 loading class com/android/tools/r8/naming/w done
Event: 62.087 Executing VM operation: G1CollectForAllocation
Event: 62.102 Executing VM operation: G1CollectForAllocation done
Event: 62.117 loading class com/android/tools/r8/internal/Gw
Event: 62.117 loading class com/android/tools/r8/internal/Gw done
Event: 62.200 Executing VM operation: G1CollectForAllocation


Dynamic libraries:
0x00007ff7289c0000 - 0x00007ff7289ca000 	C:\Program Files\Android\Android Studio\jre\bin\java.exe
0x00007ffa5b5f0000 - 0x00007ffa5b7e6000 	C:\Windows\SYSTEM32\ntdll.dll
0x00007ffa5aac0000 - 0x00007ffa5ab7d000 	C:\Windows\System32\KERNEL32.DLL
0x00007ffa59100000 - 0x00007ffa593c9000 	C:\Windows\System32\KERNELBASE.dll
0x00007ffa593d0000 - 0x00007ffa594d0000 	C:\Windows\System32\ucrtbase.dll
0x00007ffa4b370000 - 0x00007ffa4b389000 	C:\Program Files\Android\Android Studio\jre\bin\jli.dll
0x00007ffa5a130000 - 0x00007ffa5a2d0000 	C:\Windows\System32\USER32.dll
0x00007ffa594d0000 - 0x00007ffa594f2000 	C:\Windows\System32\win32u.dll
0x00007ffa5aa90000 - 0x00007ffa5aaba000 	C:\Windows\System32\GDI32.dll
0x00007ffa3abd0000 - 0x00007ffa3ae6b000 	C:\Windows\WinSxS\amd64_microsoft.windows.common-controls_6595b64144ccf1df_6.0.19041.488_none_ca04af081b815d21\COMCTL32.dll
0x00007ffa59580000 - 0x00007ffa59689000 	C:\Windows\System32\gdi32full.dll
0x00007ffa5a4f0000 - 0x00007ffa5a58e000 	C:\Windows\System32\msvcrt.dll
0x00007ffa59060000 - 0x00007ffa590fd000 	C:\Windows\System32\msvcp_win.dll
0x00007ffa46cf0000 - 0x00007ffa46d07000 	C:\Program Files\Android\Android Studio\jre\bin\VCRUNTIME140.dll
0x00007ffa598a0000 - 0x00007ffa598d0000 	C:\Windows\System32\IMM32.DLL
0x00007ffa2c4c0000 - 0x00007ffa2c55d000 	C:\Program Files\Android\Android Studio\jre\bin\msvcp140.dll
0x00007ffa28780000 - 0x00007ffa2924f000 	C:\Program Files\Android\Android Studio\jre\bin\server\jvm.dll
0x00007ffa59690000 - 0x00007ffa5973c000 	C:\Windows\System32\ADVAPI32.dll
0x00007ffa59a70000 - 0x00007ffa59b0c000 	C:\Windows\System32\sechost.dll
0x00007ffa5ab80000 - 0x00007ffa5acab000 	C:\Windows\System32\RPCRT4.dll
0x00007ffa5a5a0000 - 0x00007ffa5a5a8000 	C:\Windows\System32\PSAPI.DLL
0x00007ffa54410000 - 0x00007ffa54419000 	C:\Windows\SYSTEM32\WSOCK32.dll
0x00007ffa4a990000 - 0x00007ffa4a9b7000 	C:\Windows\SYSTEM32\WINMM.dll
0x00007ffa50060000 - 0x00007ffa5006a000 	C:\Windows\SYSTEM32\VERSION.dll
0x00007ffa5a390000 - 0x00007ffa5a3fb000 	C:\Windows\System32\WS2_32.dll
0x00007ffa56be0000 - 0x00007ffa56bf2000 	C:\Windows\SYSTEM32\kernel.appcore.dll
0x00007ffa538a0000 - 0x00007ffa538b1000 	C:\Program Files\Android\Android Studio\jre\bin\verify.dll
0x00007ffa523b0000 - 0x00007ffa52594000 	C:\Windows\SYSTEM32\DBGHELP.DLL
0x00007ffa368e0000 - 0x00007ffa3690c000 	C:\Windows\SYSTEM32\dbgcore.DLL
0x00007ffa59500000 - 0x00007ffa59580000 	C:\Windows\System32\bcryptPrimitives.dll
0x00007ffa51470000 - 0x00007ffa51499000 	C:\Program Files\Android\Android Studio\jre\bin\java.dll
0x00007ffa53ca0000 - 0x00007ffa53cab000 	C:\Program Files\Android\Android Studio\jre\bin\jimage.dll
0x00007ffa4ccb0000 - 0x00007ffa4ccc8000 	C:\Program Files\Android\Android Studio\jre\bin\zip.dll
0x00007ffa5acc0000 - 0x00007ffa5b402000 	C:\Windows\System32\SHELL32.dll
0x00007ffa56ec0000 - 0x00007ffa57655000 	C:\Windows\SYSTEM32\windows.storage.dll
0x00007ffa5a5b0000 - 0x00007ffa5a906000 	C:\Windows\System32\combase.dll
0x00007ffa58710000 - 0x00007ffa5873c000 	C:\Windows\SYSTEM32\Wldp.dll
0x00007ffa598d0000 - 0x00007ffa5997e000 	C:\Windows\System32\SHCORE.dll
0x00007ffa59980000 - 0x00007ffa599d5000 	C:\Windows\System32\shlwapi.dll
0x00007ffa58ca0000 - 0x00007ffa58cc6000 	C:\Windows\SYSTEM32\profapi.dll
0x00007ffa4bcc0000 - 0x00007ffa4bcda000 	C:\Program Files\Android\Android Studio\jre\bin\net.dll
0x00007ffa4fa40000 - 0x00007ffa4fb40000 	C:\Windows\SYSTEM32\WINHTTP.dll
0x00007ffa58490000 - 0x00007ffa584fa000 	C:\Windows\system32\mswsock.dll
0x00007ffa4b3b0000 - 0x00007ffa4b3c4000 	C:\Program Files\Android\Android Studio\jre\bin\nio.dll
0x00007ffa3b3f0000 - 0x00007ffa3b417000 	C:\Users\Olexei\.gradle\native\8bec1ad78214c89d9ad589b4d07fe93259594b29d510b10fafb7a158f7737e5d\windows-amd64\native-platform.dll
0x00007ffa29b50000 - 0x00007ffa29c8d000 	C:\Users\Olexei\.gradle\native\53dbd7edfb1c66fb8903c78663c9afc45aea4f116125fa6feffd364cf09443e8\windows-amd64\native-platform-file-events.dll
0x00007ffa53890000 - 0x00007ffa5389a000 	C:\Program Files\Android\Android Studio\jre\bin\management.dll
0x00007ffa52660000 - 0x00007ffa5266c000 	C:\Program Files\Android\Android Studio\jre\bin\management_ext.dll
0x00007ffa58670000 - 0x00007ffa58688000 	C:\Windows\SYSTEM32\CRYPTSP.dll
0x00007ffa57e20000 - 0x00007ffa57e54000 	C:\Windows\system32\rsaenh.dll
0x00007ffa58dd0000 - 0x00007ffa58df7000 	C:\Windows\System32\bcrypt.dll
0x00007ffa58bd0000 - 0x00007ffa58bfe000 	C:\Windows\SYSTEM32\USERENV.dll
0x00007ffa58660000 - 0x00007ffa5866c000 	C:\Windows\SYSTEM32\CRYPTBASE.dll
0x00007ffa58180000 - 0x00007ffa581bb000 	C:\Windows\SYSTEM32\IPHLPAPI.DLL
0x00007ffa5acb0000 - 0x00007ffa5acb8000 	C:\Windows\System32\NSI.dll
0x00007ffa51bf0000 - 0x00007ffa51c07000 	C:\Windows\SYSTEM32\dhcpcsvc6.DLL
0x00007ffa51ba0000 - 0x00007ffa51bbd000 	C:\Windows\SYSTEM32\dhcpcsvc.DLL
0x00007ffa581d0000 - 0x00007ffa5829b000 	C:\Windows\SYSTEM32\DNSAPI.dll

dbghelp: loaded successfully - version: 4.0.5 - missing functions: none
symbol engine: initialized successfully - sym options: 0x614 - pdb path: .;C:\Program Files\Android\Android Studio\jre\bin;C:\Windows\SYSTEM32;C:\Windows\WinSxS\amd64_microsoft.windows.common-controls_6595b64144ccf1df_6.0.19041.488_none_ca04af081b815d21;C:\Program Files\Android\Android Studio\jre\bin\server;C:\Users\Olexei\.gradle\native\8bec1ad78214c89d9ad589b4d07fe93259594b29d510b10fafb7a158f7737e5d\windows-amd64;C:\Users\Olexei\.gradle\native\53dbd7edfb1c66fb8903c78663c9afc45aea4f116125fa6feffd364cf09443e8\windows-amd64

VM Arguments:
jvm_args: --add-opens=java.base/java.util=ALL-UNNAMED --add-opens=java.base/java.lang=ALL-UNNAMED --add-opens=java.base/java.lang.invoke=ALL-UNNAMED --add-opens=java.base/java.util=ALL-UNNAMED --add-opens=java.prefs/java.util.prefs=ALL-UNNAMED --add-opens=java.prefs/java.util.prefs=ALL-UNNAMED --add-opens=java.base/java.nio.charset=ALL-UNNAMED --add-opens=java.base/java.net=ALL-UNNAMED --add-opens=java.base/java.util.concurrent.atomic=ALL-UNNAMED -Xmx2048m -Dfile.encoding=UTF-8 -Duser.country=US -Duser.language=en -Duser.variant 
java_command: org.gradle.launcher.daemon.bootstrap.GradleDaemon 7.0.2
java_class_path (initial): C:\Users\Olexei\.gradle\wrapper\dists\gradle-7.0.2-bin\857tjihv64xamwrf0h14cai3r\gradle-7.0.2\lib\gradle-launcher-7.0.2.jar
Launcher Type: SUN_STANDARD

[Global flags]
     intx CICompilerCount                          = 3                                         {product} {ergonomic}
     uint ConcGCThreads                            = 1                                         {product} {ergonomic}
     uint G1ConcRefinementThreads                  = 4                                         {product} {ergonomic}
   size_t G1HeapRegionSize                         = 1048576                                   {product} {ergonomic}
    uintx GCDrainStackTargetSize                   = 64                                        {product} {ergonomic}
   size_t InitialHeapSize                          = 125829120                                 {product} {ergonomic}
   size_t MarkStackSize                            = 4194304                                   {product} {ergonomic}
   size_t MaxHeapSize                              = 2147483648                                {product} {command line}
   size_t MaxNewSize                               = 1287651328                                {product} {ergonomic}
   size_t MinHeapDeltaBytes                        = 1048576                                   {product} {ergonomic}
    uintx NonNMethodCodeHeapSize                   = 5830732                                {pd product} {ergonomic}
    uintx NonProfiledCodeHeapSize                  = 122913754                              {pd product} {ergonomic}
    uintx ProfiledCodeHeapSize                     = 122913754                              {pd product} {ergonomic}
    uintx ReservedCodeCacheSize                    = 251658240                              {pd product} {ergonomic}
     bool SegmentedCodeCache                       = true                                      {product} {ergonomic}
     bool UseCompressedClassPointers               = true                                 {lp64_product} {ergonomic}
     bool UseCompressedOops                        = true                                 {lp64_product} {ergonomic}
     bool UseG1GC                                  = true                                      {product} {ergonomic}
     bool UseLargePagesIndividualAllocation        = false                                  {pd product} {ergonomic}

Logging:
Log output configuration:
 #0: stdout all=warning uptime,level,tags
 #1: stderr all=off uptime,level,tags

Environment Variables:
PATH=C:\Program Files\Common Files\Oracle\Java\javapath;C:\Windows\system32;C:\Windows;C:\Windows\System32\Wbem;C:\Windows\System32\WindowsPowerShell\v1.0\;C:\Program Files\Git\cmd;C:\Program Files (x86)\Microsoft SQL Server\150\Tools\Binn\;C:\Program Files\Microsoft SQL Server\150\Tools\Binn\;C:\Program Files (x86)\Microsoft SQL Server\150\DTS\Binn\;C:\Program Files\Microsoft SQL Server\150\DTS\Binn\;C:\Program Files\Microsoft SQL Server\Client SDK\ODBC\170\Tools\Binn\;C:\Program Files\Azure Data Studio\bin;C:\Users\Olexei\AppData\Local\Microsoft\WindowsApps;;C:\Program Files\Azure Data Studio\bin
USERNAME=Olexei
OS=Windows_NT
PROCESSOR_IDENTIFIER=AMD64 Family 21 Model 101 Stepping 1, AuthenticAMD



---------------  S Y S T E M  ---------------

OS: Windows 10 , 64 bit Build 19041 (10.0.19041.662)
OS uptime: 0 days 2:32 hours

CPU:total 4 (initial active 4) (4 cores per cpu, 1 threads per core) family 21 model 101 stepping 1 microcode 0x0, cmov, cx8, fxsr, mmx, sse, sse2, sse3, ssse3, sse4.1, sse4.2, popcnt, avx, avx2, aes, clmul, mmxext, 3dnowpref, lzcnt, sse4a, tsc, tscinvbit, tscinv, bmi1, bmi2, fma

Memory: 4k page, system-wide physical 7647M (754M free)
TotalPageFile size 7647M (AvailPageFile size 81M)
current process WorkingSet (physical memory assigned to process): 496M, peak: 496M
current process commit charge ("private bytes"): 526M, peak: 612M

vm_info: OpenJDK 64-Bit Server VM (11.0.10+0-b96-7249189) for windows-amd64 JRE (11.0.10+0-b96-7249189), built on Mar 31 2021 21:44:00 by "builder" with MS VC++ 14.0 (VS2015)

END.
